<?xml version="1.0" encoding="UTF-8"?>
<!-- Generated by org.testng.reporters.JUnitReportReporter -->
<testsuite hostname="bballestero" failures="0" tests="5" name="CommentTests" time="17.422" errors="0" timestamp="2021-08-14T11:01:17 CST" skipped="0">
  <testcase classname="CommentTests" name="createComment" time="7.313"/>
  <system-out/>
  <testcase classname="CommentTests" name="updateComment" time="2.531"/>
  <system-out/>
  <testcase classname="CommentTests" name="getAllComments" time="2.469"/>
  <system-out/>
  <testcase classname="CommentTests" name="getOneComment" time="2.562"/>
  <system-out/>
  <testcase classname="CommentTests" name="deleteComment" time="2.547"/>
  <system-out/>
</testsuite> <!-- CommentTests -->
