<?xml version="1.0" encoding="UTF-8"?>
<!-- Generated by org.testng.reporters.JUnitReportReporter -->
<testsuite hostname="bballestero" failures="0" tests="5" name="PostTests" time="17.812" errors="0" timestamp="2021-08-14T11:01:17 CST" skipped="0">
  <testcase classname="PostTests" name="createPost" time="5.782"/>
  <system-out/>
  <testcase classname="PostTests" name="getAllPosts" time="1.921"/>
  <system-out/>
  <testcase classname="PostTests" name="getOnePost" time="3.422"/>
  <system-out/>
  <testcase classname="PostTests" name="updatePost" time="3.375"/>
  <system-out/>
  <testcase classname="PostTests" name="deletePost" time="3.312"/>
  <system-out/>
</testsuite> <!-- PostTests -->
